DEBUG 2020-04-05 19:34:12,088 visiobas_client rq_login login: s.gubarev, password: ...
DEBUG 2020-04-05 19:34:12,098 urllib3.connectionpool _new_conn Starting new HTTP connection (1): localhost:8080
DEBUG 2020-04-05 19:34:14,120 urllib3.connectionpool _make_request http://localhost:8080 "POST /auth/rest/login HTTP/1.1" 200 579
DEBUG 2020-04-05 19:34:14,122 BearerAuth __call__ Authorization=Bearer eyJ0eXAiOiJqd3QiLCJhbGciOiJSUzI1NiJ9.eyJzdWIiOiJzLmd1YmFyZXYiLCJpZCI6MzYsImlzcyI6ImF1dGgiLCJhdWQiOlsidmRlc2siLCJ2YmFzIiwicHVzaCIsImF1dGgiXSwiZ3JvdXBzIjpbInVzZXIiXSwiZXhwIjoxNTg2MTgzNjU0fQ.UKwy-6gj5bsCgS2NUrpDwp2yjfec5TiYnJqEyY-R8ZtirC_eOmm_Jw55mr6GrepL45nli_cEOix4H_IwZh76hhXIzyNSYmQv2Bn8DdDQll-Wd7KQqPfHli1RKGhQ825Ahy1TMri-tqtIt4zNedR70AU6fX_-IeyHApyP2xhTgX7fEUdcceio9uXEUKlqgX68BEvvgylOBcVTfua_WJn1NuwJgFmp4J9n3fqL0WoW_RFiWDd9FInekVJA_2AIFdqK1e4O0RfOrj0jf-wYQJF7GISl3WrZjQJeLb0S-i_5-LVX_TaS5sOZ_ahzoKs9x-anpHkAmQgq7RadSwLupA-SXQ
DEBUG 2020-04-05 19:34:14,210 urllib3.connectionpool _make_request http://localhost:8080 "GET /vbas/gate/get/200/analog-input HTTP/1.1" 200 None
DEBUG 2020-04-05 19:34:14,219 BearerAuth __call__ Authorization=Bearer eyJ0eXAiOiJqd3QiLCJhbGciOiJSUzI1NiJ9.eyJzdWIiOiJzLmd1YmFyZXYiLCJpZCI6MzYsImlzcyI6ImF1dGgiLCJhdWQiOlsidmRlc2siLCJ2YmFzIiwicHVzaCIsImF1dGgiXSwiZ3JvdXBzIjpbInVzZXIiXSwiZXhwIjoxNTg2MTgzNjU0fQ.UKwy-6gj5bsCgS2NUrpDwp2yjfec5TiYnJqEyY-R8ZtirC_eOmm_Jw55mr6GrepL45nli_cEOix4H_IwZh76hhXIzyNSYmQv2Bn8DdDQll-Wd7KQqPfHli1RKGhQ825Ahy1TMri-tqtIt4zNedR70AU6fX_-IeyHApyP2xhTgX7fEUdcceio9uXEUKlqgX68BEvvgylOBcVTfua_WJn1NuwJgFmp4J9n3fqL0WoW_RFiWDd9FInekVJA_2AIFdqK1e4O0RfOrj0jf-wYQJF7GISl3WrZjQJeLb0S-i_5-LVX_TaS5sOZ_ahzoKs9x-anpHkAmQgq7RadSwLupA-SXQ
DEBUG 2020-04-05 19:34:14,224 urllib3.connectionpool _make_request http://localhost:8080 "POST /vbas/gate/200 HTTP/1.1" 404 0
DEBUG 2020-04-05 19:34:14,226 BearerAuth __call__ Authorization=Bearer eyJ0eXAiOiJqd3QiLCJhbGciOiJSUzI1NiJ9.eyJzdWIiOiJzLmd1YmFyZXYiLCJpZCI6MzYsImlzcyI6ImF1dGgiLCJhdWQiOlsidmRlc2siLCJ2YmFzIiwicHVzaCIsImF1dGgiXSwiZ3JvdXBzIjpbInVzZXIiXSwiZXhwIjoxNTg2MTgzNjU0fQ.UKwy-6gj5bsCgS2NUrpDwp2yjfec5TiYnJqEyY-R8ZtirC_eOmm_Jw55mr6GrepL45nli_cEOix4H_IwZh76hhXIzyNSYmQv2Bn8DdDQll-Wd7KQqPfHli1RKGhQ825Ahy1TMri-tqtIt4zNedR70AU6fX_-IeyHApyP2xhTgX7fEUdcceio9uXEUKlqgX68BEvvgylOBcVTfua_WJn1NuwJgFmp4J9n3fqL0WoW_RFiWDd9FInekVJA_2AIFdqK1e4O0RfOrj0jf-wYQJF7GISl3WrZjQJeLb0S-i_5-LVX_TaS5sOZ_ahzoKs9x-anpHkAmQgq7RadSwLupA-SXQ
DEBUG 2020-04-05 19:34:14,234 urllib3.connectionpool _make_request http://localhost:8080 "GET /auth/secure/logout HTTP/1.1" 200 16
DEBUG 2020-04-05 19:35:09,937 visiobas_client rq_login login: s.gubarev, password: ...
DEBUG 2020-04-05 19:35:09,947 urllib3.connectionpool _new_conn Starting new HTTP connection (1): localhost:8080
DEBUG 2020-04-05 19:35:11,968 urllib3.connectionpool _make_request http://localhost:8080 "POST /auth/rest/login HTTP/1.1" 200 579
DEBUG 2020-04-05 19:35:11,969 BearerAuth __call__ Authorization=Bearer eyJ0eXAiOiJqd3QiLCJhbGciOiJSUzI1NiJ9.eyJzdWIiOiJzLmd1YmFyZXYiLCJpZCI6MzYsImlzcyI6ImF1dGgiLCJhdWQiOlsidmRlc2siLCJ2YmFzIiwicHVzaCIsImF1dGgiXSwiZ3JvdXBzIjpbInVzZXIiXSwiZXhwIjoxNTg2MTgzNzExfQ.O2285bY_g1p2113y-g3NZDEVWGMYE0AcFOAttwUIinK2WYrR48SeipM8MPPgEo-g7izFXAP70XDzbpQE74GcmytxYAxbblyrhLzwmCFVzS_pSURUIrWP0eSYDQ7If1j0xb562ObTqfxkiMzQlZPm4J_yBHD4uFkVWFe51iqHC_3LQLPec4neHXTstIED_1_PRYvYLNiLHyw64J-hjxLeA2pkZRC7Qu4Xz0Vz5M74GbVk5pSIVzUWR3zXxt1mPEprB5UO4ldBdlO9eINca3AOZIxohzK8-KfLmDPh9QX6S8r8ma5yJXnAJ3rQP_OHe9873EmEWkC3Bvid9lGm5_VBYw
DEBUG 2020-04-05 19:35:12,056 urllib3.connectionpool _make_request http://localhost:8080 "GET /vbas/gate/get/200/analog-input HTTP/1.1" 200 None
DEBUG 2020-04-05 19:35:12,064 BearerAuth __call__ Authorization=Bearer eyJ0eXAiOiJqd3QiLCJhbGciOiJSUzI1NiJ9.eyJzdWIiOiJzLmd1YmFyZXYiLCJpZCI6MzYsImlzcyI6ImF1dGgiLCJhdWQiOlsidmRlc2siLCJ2YmFzIiwicHVzaCIsImF1dGgiXSwiZ3JvdXBzIjpbInVzZXIiXSwiZXhwIjoxNTg2MTgzNzExfQ.O2285bY_g1p2113y-g3NZDEVWGMYE0AcFOAttwUIinK2WYrR48SeipM8MPPgEo-g7izFXAP70XDzbpQE74GcmytxYAxbblyrhLzwmCFVzS_pSURUIrWP0eSYDQ7If1j0xb562ObTqfxkiMzQlZPm4J_yBHD4uFkVWFe51iqHC_3LQLPec4neHXTstIED_1_PRYvYLNiLHyw64J-hjxLeA2pkZRC7Qu4Xz0Vz5M74GbVk5pSIVzUWR3zXxt1mPEprB5UO4ldBdlO9eINca3AOZIxohzK8-KfLmDPh9QX6S8r8ma5yJXnAJ3rQP_OHe9873EmEWkC3Bvid9lGm5_VBYw
DEBUG 2020-04-05 19:35:12,073 urllib3.connectionpool _make_request http://localhost:8080 "POST /vbas/gate/put/200 HTTP/1.1" 415 0
DEBUG 2020-04-05 19:35:12,075 BearerAuth __call__ Authorization=Bearer eyJ0eXAiOiJqd3QiLCJhbGciOiJSUzI1NiJ9.eyJzdWIiOiJzLmd1YmFyZXYiLCJpZCI6MzYsImlzcyI6ImF1dGgiLCJhdWQiOlsidmRlc2siLCJ2YmFzIiwicHVzaCIsImF1dGgiXSwiZ3JvdXBzIjpbInVzZXIiXSwiZXhwIjoxNTg2MTgzNzExfQ.O2285bY_g1p2113y-g3NZDEVWGMYE0AcFOAttwUIinK2WYrR48SeipM8MPPgEo-g7izFXAP70XDzbpQE74GcmytxYAxbblyrhLzwmCFVzS_pSURUIrWP0eSYDQ7If1j0xb562ObTqfxkiMzQlZPm4J_yBHD4uFkVWFe51iqHC_3LQLPec4neHXTstIED_1_PRYvYLNiLHyw64J-hjxLeA2pkZRC7Qu4Xz0Vz5M74GbVk5pSIVzUWR3zXxt1mPEprB5UO4ldBdlO9eINca3AOZIxohzK8-KfLmDPh9QX6S8r8ma5yJXnAJ3rQP_OHe9873EmEWkC3Bvid9lGm5_VBYw
DEBUG 2020-04-05 19:35:12,083 urllib3.connectionpool _make_request http://localhost:8080 "GET /auth/secure/logout HTTP/1.1" 200 16
DEBUG 2020-04-05 19:35:37,176 visiobas_client rq_login login: s.gubarev, password: ...
DEBUG 2020-04-05 19:35:37,185 urllib3.connectionpool _new_conn Starting new HTTP connection (1): localhost:8080
DEBUG 2020-04-05 19:35:39,206 urllib3.connectionpool _make_request http://localhost:8080 "POST /auth/rest/login HTTP/1.1" 200 579
DEBUG 2020-04-05 19:35:39,212 BearerAuth __call__ Authorization=Bearer eyJ0eXAiOiJqd3QiLCJhbGciOiJSUzI1NiJ9.eyJzdWIiOiJzLmd1YmFyZXYiLCJpZCI6MzYsImlzcyI6ImF1dGgiLCJhdWQiOlsidmRlc2siLCJ2YmFzIiwicHVzaCIsImF1dGgiXSwiZ3JvdXBzIjpbInVzZXIiXSwiZXhwIjoxNTg2MTgzNzM5fQ.Eqgf6eBZjWRwTVaaioq3bd95AVJln0J9QMtl3Khb0U1Sl6BQC1QTUnNXMnuboOScNAHhCdWAsAaRpyI9ABqJM3ytNv-4iOTVJd_3zsADIfHRXO5RZ_yQX6hEby3lIxXqtWUx7RtM5Ua0Y8P3_1B-hp0_wvFyNRxEYUZ8l_SrDTIRkxXenin0Ltn2Q5O0MIFGBGFYA7dlrpT5DsavitA8p2Giy6bkeZKGk7t7C-WJNTtwDegny5ldCOG1r0uW6URWWs1cSiCPYoQD9uyi8LIMr0--11zSQ528yUdpn84ikTqEXRom8UFTTk2lV5_6RcqiMCcR457IFPy-MjZKjbPHhg
DEBUG 2020-04-05 19:35:39,302 urllib3.connectionpool _make_request http://localhost:8080 "GET /vbas/gate/get/200/analog-input HTTP/1.1" 200 None
DEBUG 2020-04-05 19:35:39,311 BearerAuth __call__ Authorization=Bearer eyJ0eXAiOiJqd3QiLCJhbGciOiJSUzI1NiJ9.eyJzdWIiOiJzLmd1YmFyZXYiLCJpZCI6MzYsImlzcyI6ImF1dGgiLCJhdWQiOlsidmRlc2siLCJ2YmFzIiwicHVzaCIsImF1dGgiXSwiZ3JvdXBzIjpbInVzZXIiXSwiZXhwIjoxNTg2MTgzNzM5fQ.Eqgf6eBZjWRwTVaaioq3bd95AVJln0J9QMtl3Khb0U1Sl6BQC1QTUnNXMnuboOScNAHhCdWAsAaRpyI9ABqJM3ytNv-4iOTVJd_3zsADIfHRXO5RZ_yQX6hEby3lIxXqtWUx7RtM5Ua0Y8P3_1B-hp0_wvFyNRxEYUZ8l_SrDTIRkxXenin0Ltn2Q5O0MIFGBGFYA7dlrpT5DsavitA8p2Giy6bkeZKGk7t7C-WJNTtwDegny5ldCOG1r0uW6URWWs1cSiCPYoQD9uyi8LIMr0--11zSQ528yUdpn84ikTqEXRom8UFTTk2lV5_6RcqiMCcR457IFPy-MjZKjbPHhg
DEBUG 2020-04-05 19:35:39,679 urllib3.connectionpool _make_request http://localhost:8080 "POST /vbas/gate/put/200 HTTP/1.1" 200 26
DEBUG 2020-04-05 19:35:39,680 BearerAuth __call__ Authorization=Bearer eyJ0eXAiOiJqd3QiLCJhbGciOiJSUzI1NiJ9.eyJzdWIiOiJzLmd1YmFyZXYiLCJpZCI6MzYsImlzcyI6ImF1dGgiLCJhdWQiOlsidmRlc2siLCJ2YmFzIiwicHVzaCIsImF1dGgiXSwiZ3JvdXBzIjpbInVzZXIiXSwiZXhwIjoxNTg2MTgzNzM5fQ.Eqgf6eBZjWRwTVaaioq3bd95AVJln0J9QMtl3Khb0U1Sl6BQC1QTUnNXMnuboOScNAHhCdWAsAaRpyI9ABqJM3ytNv-4iOTVJd_3zsADIfHRXO5RZ_yQX6hEby3lIxXqtWUx7RtM5Ua0Y8P3_1B-hp0_wvFyNRxEYUZ8l_SrDTIRkxXenin0Ltn2Q5O0MIFGBGFYA7dlrpT5DsavitA8p2Giy6bkeZKGk7t7C-WJNTtwDegny5ldCOG1r0uW6URWWs1cSiCPYoQD9uyi8LIMr0--11zSQ528yUdpn84ikTqEXRom8UFTTk2lV5_6RcqiMCcR457IFPy-MjZKjbPHhg
DEBUG 2020-04-05 19:35:39,689 urllib3.connectionpool _make_request http://localhost:8080 "GET /auth/secure/logout HTTP/1.1" 200 16
DEBUG 2020-04-05 19:44:57,368 visiobas_client rq_login login: s.gubarev, password: ...
DEBUG 2020-04-05 19:44:57,378 urllib3.connectionpool _new_conn Starting new HTTP connection (1): localhost:8080
DEBUG 2020-04-05 19:44:59,408 urllib3.connectionpool _make_request http://localhost:8080 "POST /auth/rest/login HTTP/1.1" 200 579
DEBUG 2020-04-05 19:44:59,410 BearerAuth __call__ Authorization=Bearer eyJ0eXAiOiJqd3QiLCJhbGciOiJSUzI1NiJ9.eyJzdWIiOiJzLmd1YmFyZXYiLCJpZCI6MzYsImlzcyI6ImF1dGgiLCJhdWQiOlsidmRlc2siLCJ2YmFzIiwicHVzaCIsImF1dGgiXSwiZ3JvdXBzIjpbInVzZXIiXSwiZXhwIjoxNTg2MTg0Mjk5fQ.dV-9FNjbZMoUxemrenSmiERf1FbYb_pBQtoeAMi_GG9ANHdAkXzfQcovOJuLR01lZsABQKMLuO8ZiMg5frkx6bAz92x-eWRy9w6STbJp1LvNQ7emfx_Xh2XxaGp6A7bVy_oNd_TPMyjQ_UXpZNU9Y1sEJNv7xs3pfdzpatsCwAxRJWqxCeLiTHaw9PoLQeZWtxrvuuXrMcCmao8w1w8snCNRBF8QK3nAoCCkZh5oZGNDfgkVru2ygO7sPqZSBv_fNWjoSKhivRpqKEn5g2BZhOSZKLJB04BDeoZnsLjHzKSZ-Bg3dbyMinDPeQameICjUCZJqzAtmjSi0fkcrvSakw
DEBUG 2020-04-05 19:44:59,497 urllib3.connectionpool _make_request http://localhost:8080 "GET /vbas/gate/get/200/analog-input HTTP/1.1" 200 None
DEBUG 2020-04-05 19:45:02,895 BearerAuth __call__ Authorization=Bearer eyJ0eXAiOiJqd3QiLCJhbGciOiJSUzI1NiJ9.eyJzdWIiOiJzLmd1YmFyZXYiLCJpZCI6MzYsImlzcyI6ImF1dGgiLCJhdWQiOlsidmRlc2siLCJ2YmFzIiwicHVzaCIsImF1dGgiXSwiZ3JvdXBzIjpbInVzZXIiXSwiZXhwIjoxNTg2MTg0Mjk5fQ.dV-9FNjbZMoUxemrenSmiERf1FbYb_pBQtoeAMi_GG9ANHdAkXzfQcovOJuLR01lZsABQKMLuO8ZiMg5frkx6bAz92x-eWRy9w6STbJp1LvNQ7emfx_Xh2XxaGp6A7bVy_oNd_TPMyjQ_UXpZNU9Y1sEJNv7xs3pfdzpatsCwAxRJWqxCeLiTHaw9PoLQeZWtxrvuuXrMcCmao8w1w8snCNRBF8QK3nAoCCkZh5oZGNDfgkVru2ygO7sPqZSBv_fNWjoSKhivRpqKEn5g2BZhOSZKLJB04BDeoZnsLjHzKSZ-Bg3dbyMinDPeQameICjUCZJqzAtmjSi0fkcrvSakw
DEBUG 2020-04-05 19:45:03,114 urllib3.connectionpool _make_request http://localhost:8080 "POST /vbas/gate/put/200 HTTP/1.1" 200 26
DEBUG 2020-04-05 19:45:03,116 BearerAuth __call__ Authorization=Bearer eyJ0eXAiOiJqd3QiLCJhbGciOiJSUzI1NiJ9.eyJzdWIiOiJzLmd1YmFyZXYiLCJpZCI6MzYsImlzcyI6ImF1dGgiLCJhdWQiOlsidmRlc2siLCJ2YmFzIiwicHVzaCIsImF1dGgiXSwiZ3JvdXBzIjpbInVzZXIiXSwiZXhwIjoxNTg2MTg0Mjk5fQ.dV-9FNjbZMoUxemrenSmiERf1FbYb_pBQtoeAMi_GG9ANHdAkXzfQcovOJuLR01lZsABQKMLuO8ZiMg5frkx6bAz92x-eWRy9w6STbJp1LvNQ7emfx_Xh2XxaGp6A7bVy_oNd_TPMyjQ_UXpZNU9Y1sEJNv7xs3pfdzpatsCwAxRJWqxCeLiTHaw9PoLQeZWtxrvuuXrMcCmao8w1w8snCNRBF8QK3nAoCCkZh5oZGNDfgkVru2ygO7sPqZSBv_fNWjoSKhivRpqKEn5g2BZhOSZKLJB04BDeoZnsLjHzKSZ-Bg3dbyMinDPeQameICjUCZJqzAtmjSi0fkcrvSakw
DEBUG 2020-04-05 19:45:03,136 urllib3.connectionpool _make_request http://localhost:8080 "GET /auth/secure/logout HTTP/1.1" 200 16
DEBUG 2020-04-05 19:45:12,914 visiobas_client rq_login login: s.gubarev, password: ...
DEBUG 2020-04-05 19:45:12,924 urllib3.connectionpool _new_conn Starting new HTTP connection (1): localhost:8080
DEBUG 2020-04-05 19:45:14,945 urllib3.connectionpool _make_request http://localhost:8080 "POST /auth/rest/login HTTP/1.1" 200 579
DEBUG 2020-04-05 19:45:14,948 BearerAuth __call__ Authorization=Bearer eyJ0eXAiOiJqd3QiLCJhbGciOiJSUzI1NiJ9.eyJzdWIiOiJzLmd1YmFyZXYiLCJpZCI6MzYsImlzcyI6ImF1dGgiLCJhdWQiOlsidmRlc2siLCJ2YmFzIiwicHVzaCIsImF1dGgiXSwiZ3JvdXBzIjpbInVzZXIiXSwiZXhwIjoxNTg2MTg0MzE0fQ.JQlRcHxhTSJN_7aHyOU0TSqn_TKytNNtBvUWEcRh23IBGj-8w8fvO9x5ILgdpaV97sN2zFye4ael9FG8eUE6hvw8a3Qs9xFQsKJFtWjKb7u5MibqKWSl3ZzjutHwPn-0lZi6QWy-blO1p3tU8d2xT3dsRv8tOdDgv2v1xK2mXcD9NGyIga4CRM9X-kpkCeiTVnTqwCgpQwDJSi9OTO_sUOeWU8wVBXJHXuGJmlTCfs4G22CoME9yIXy0F5xNchZeLQoOJIcXL5RsZwA3En5E9lAEZF01Mq4kXLZ2frRnY2mFBQX10AnImhCmqTSEIaS0UyEXXMWR1Po4GqgyNffS9g
DEBUG 2020-04-05 19:45:15,042 urllib3.connectionpool _make_request http://localhost:8080 "GET /vbas/gate/get/200/analog-input HTTP/1.1" 200 None
DEBUG 2020-04-05 19:45:42,576 visiobas_client rq_login login: s.gubarev, password: ...
DEBUG 2020-04-05 19:45:42,586 urllib3.connectionpool _new_conn Starting new HTTP connection (1): localhost:8080
DEBUG 2020-04-05 19:45:44,606 urllib3.connectionpool _make_request http://localhost:8080 "POST /auth/rest/login HTTP/1.1" 200 579
DEBUG 2020-04-05 19:45:44,608 BearerAuth __call__ Authorization=Bearer eyJ0eXAiOiJqd3QiLCJhbGciOiJSUzI1NiJ9.eyJzdWIiOiJzLmd1YmFyZXYiLCJpZCI6MzYsImlzcyI6ImF1dGgiLCJhdWQiOlsidmRlc2siLCJ2YmFzIiwicHVzaCIsImF1dGgiXSwiZ3JvdXBzIjpbInVzZXIiXSwiZXhwIjoxNTg2MTg0MzQ0fQ.SkqKekxG3cSWNGnq9NDmv6xOXma7RjVbV2FBRsqM-c6sM_lxzRKzkbMPoSUWg2W6CluDjjmcvrFxqCL5OgQ4t3K9mFbvR2j7Hp7f7Xuz63HOQrxZ_NxdlvV7mEh7iCME1v8Kb_JnjXnj8PIzgqy-zQW5t0suTZ4TM9-yobkDymcHcKa_5yoxhhRAmRUa_gl-8sPHgcGpfxXSjYlk7FS3hYx2vL06PHjxDoPT8O3esVcS7NegKqvOtfExt91aZqUONK46rgPhEUyKLiJNbZjoAHz3z5jhv5n_5N9uoCxgT0hhaeM9cdlpWAtNBV9lI_EfphiY5DorKT9VW6J8qag-KA
DEBUG 2020-04-05 19:45:44,711 urllib3.connectionpool _make_request http://localhost:8080 "GET /vbas/gate/get/200/analog-input HTTP/1.1" 200 None
DEBUG 2020-04-05 19:46:03,042 BearerAuth __call__ Authorization=Bearer eyJ0eXAiOiJqd3QiLCJhbGciOiJSUzI1NiJ9.eyJzdWIiOiJzLmd1YmFyZXYiLCJpZCI6MzYsImlzcyI6ImF1dGgiLCJhdWQiOlsidmRlc2siLCJ2YmFzIiwicHVzaCIsImF1dGgiXSwiZ3JvdXBzIjpbInVzZXIiXSwiZXhwIjoxNTg2MTg0MzQ0fQ.SkqKekxG3cSWNGnq9NDmv6xOXma7RjVbV2FBRsqM-c6sM_lxzRKzkbMPoSUWg2W6CluDjjmcvrFxqCL5OgQ4t3K9mFbvR2j7Hp7f7Xuz63HOQrxZ_NxdlvV7mEh7iCME1v8Kb_JnjXnj8PIzgqy-zQW5t0suTZ4TM9-yobkDymcHcKa_5yoxhhRAmRUa_gl-8sPHgcGpfxXSjYlk7FS3hYx2vL06PHjxDoPT8O3esVcS7NegKqvOtfExt91aZqUONK46rgPhEUyKLiJNbZjoAHz3z5jhv5n_5N9uoCxgT0hhaeM9cdlpWAtNBV9lI_EfphiY5DorKT9VW6J8qag-KA
DEBUG 2020-04-05 19:46:03,258 urllib3.connectionpool _make_request http://localhost:8080 "POST /vbas/gate/put/200 HTTP/1.1" 200 26
DEBUG 2020-04-05 19:46:03,259 BearerAuth __call__ Authorization=Bearer eyJ0eXAiOiJqd3QiLCJhbGciOiJSUzI1NiJ9.eyJzdWIiOiJzLmd1YmFyZXYiLCJpZCI6MzYsImlzcyI6ImF1dGgiLCJhdWQiOlsidmRlc2siLCJ2YmFzIiwicHVzaCIsImF1dGgiXSwiZ3JvdXBzIjpbInVzZXIiXSwiZXhwIjoxNTg2MTg0MzQ0fQ.SkqKekxG3cSWNGnq9NDmv6xOXma7RjVbV2FBRsqM-c6sM_lxzRKzkbMPoSUWg2W6CluDjjmcvrFxqCL5OgQ4t3K9mFbvR2j7Hp7f7Xuz63HOQrxZ_NxdlvV7mEh7iCME1v8Kb_JnjXnj8PIzgqy-zQW5t0suTZ4TM9-yobkDymcHcKa_5yoxhhRAmRUa_gl-8sPHgcGpfxXSjYlk7FS3hYx2vL06PHjxDoPT8O3esVcS7NegKqvOtfExt91aZqUONK46rgPhEUyKLiJNbZjoAHz3z5jhv5n_5N9uoCxgT0hhaeM9cdlpWAtNBV9lI_EfphiY5DorKT9VW6J8qag-KA
DEBUG 2020-04-05 19:46:03,277 urllib3.connectionpool _make_request http://localhost:8080 "GET /auth/secure/logout HTTP/1.1" 200 16
DEBUG 2020-04-05 19:46:28,940 visiobas_client rq_login login: s.gubarev, password: ...
DEBUG 2020-04-05 19:46:28,943 urllib3.connectionpool _new_conn Starting new HTTP connection (1): localhost:8080
DEBUG 2020-04-05 19:46:30,960 urllib3.connectionpool _make_request http://localhost:8080 "POST /auth/rest/login HTTP/1.1" 200 579
DEBUG 2020-04-05 19:46:30,961 BearerAuth __call__ Authorization=Bearer eyJ0eXAiOiJqd3QiLCJhbGciOiJSUzI1NiJ9.eyJzdWIiOiJzLmd1YmFyZXYiLCJpZCI6MzYsImlzcyI6ImF1dGgiLCJhdWQiOlsidmRlc2siLCJ2YmFzIiwicHVzaCIsImF1dGgiXSwiZ3JvdXBzIjpbInVzZXIiXSwiZXhwIjoxNTg2MTg0MzkwfQ.g93Nx-xp27Q55eWOy0II6k0e71X9YrFjZxDIgs-dy3qpL894k5BvlUDLNmqkfk9wJpmys6z1jfN4Hiq6NbROD4R6MOu8hARVZ61SFvihfYa6ihkDkZj6bbjS_T3p9YG58yFeEOUMdK5Dpt_8_r_Y7_B6j3Oc5UQddL44h11St7yrDVm4CItQ-QCZWeRd6L4yxjnT6OYqDMbbDgtQsAl-rQ-XV6gFGSSJ6uR0iVjdflGhgdkS3ZwWb2TCeAQejGPh4ZBCUunovOk-59f4e0wz1CONTZ-pwzCbV2zazRaEzuEKn_knwjOTTIpk9_cEyQDLAlwLPPyygwhwEVADl0Io_Q
DEBUG 2020-04-05 19:46:31,044 urllib3.connectionpool _make_request http://localhost:8080 "GET /vbas/gate/get/200/analog-input HTTP/1.1" 200 None
DEBUG 2020-04-05 19:46:31,048 BearerAuth __call__ Authorization=Bearer eyJ0eXAiOiJqd3QiLCJhbGciOiJSUzI1NiJ9.eyJzdWIiOiJzLmd1YmFyZXYiLCJpZCI6MzYsImlzcyI6ImF1dGgiLCJhdWQiOlsidmRlc2siLCJ2YmFzIiwicHVzaCIsImF1dGgiXSwiZ3JvdXBzIjpbInVzZXIiXSwiZXhwIjoxNTg2MTg0MzkwfQ.g93Nx-xp27Q55eWOy0II6k0e71X9YrFjZxDIgs-dy3qpL894k5BvlUDLNmqkfk9wJpmys6z1jfN4Hiq6NbROD4R6MOu8hARVZ61SFvihfYa6ihkDkZj6bbjS_T3p9YG58yFeEOUMdK5Dpt_8_r_Y7_B6j3Oc5UQddL44h11St7yrDVm4CItQ-QCZWeRd6L4yxjnT6OYqDMbbDgtQsAl-rQ-XV6gFGSSJ6uR0iVjdflGhgdkS3ZwWb2TCeAQejGPh4ZBCUunovOk-59f4e0wz1CONTZ-pwzCbV2zazRaEzuEKn_knwjOTTIpk9_cEyQDLAlwLPPyygwhwEVADl0Io_Q
DEBUG 2020-04-05 19:46:31,256 urllib3.connectionpool _make_request http://localhost:8080 "POST /vbas/gate/put/200 HTTP/1.1" 200 26
DEBUG 2020-04-05 19:46:31,257 BearerAuth __call__ Authorization=Bearer eyJ0eXAiOiJqd3QiLCJhbGciOiJSUzI1NiJ9.eyJzdWIiOiJzLmd1YmFyZXYiLCJpZCI6MzYsImlzcyI6ImF1dGgiLCJhdWQiOlsidmRlc2siLCJ2YmFzIiwicHVzaCIsImF1dGgiXSwiZ3JvdXBzIjpbInVzZXIiXSwiZXhwIjoxNTg2MTg0MzkwfQ.g93Nx-xp27Q55eWOy0II6k0e71X9YrFjZxDIgs-dy3qpL894k5BvlUDLNmqkfk9wJpmys6z1jfN4Hiq6NbROD4R6MOu8hARVZ61SFvihfYa6ihkDkZj6bbjS_T3p9YG58yFeEOUMdK5Dpt_8_r_Y7_B6j3Oc5UQddL44h11St7yrDVm4CItQ-QCZWeRd6L4yxjnT6OYqDMbbDgtQsAl-rQ-XV6gFGSSJ6uR0iVjdflGhgdkS3ZwWb2TCeAQejGPh4ZBCUunovOk-59f4e0wz1CONTZ-pwzCbV2zazRaEzuEKn_knwjOTTIpk9_cEyQDLAlwLPPyygwhwEVADl0Io_Q
DEBUG 2020-04-05 19:46:31,264 urllib3.connectionpool _make_request http://localhost:8080 "GET /auth/secure/logout HTTP/1.1" 200 16
DEBUG 2020-04-05 19:47:30,333 visiobas_client rq_login login: s.gubarev, password: ...
DEBUG 2020-04-05 19:47:30,343 urllib3.connectionpool _new_conn Starting new HTTP connection (1): localhost:8080
DEBUG 2020-04-05 19:47:32,368 urllib3.connectionpool _make_request http://localhost:8080 "POST /auth/rest/login HTTP/1.1" 200 579
DEBUG 2020-04-05 19:47:32,370 BearerAuth __call__ Authorization=Bearer eyJ0eXAiOiJqd3QiLCJhbGciOiJSUzI1NiJ9.eyJzdWIiOiJzLmd1YmFyZXYiLCJpZCI6MzYsImlzcyI6ImF1dGgiLCJhdWQiOlsidmRlc2siLCJ2YmFzIiwicHVzaCIsImF1dGgiXSwiZ3JvdXBzIjpbInVzZXIiXSwiZXhwIjoxNTg2MTg0NDUyfQ.JwlIUrxDn2TUuHZkP6T186QfBe3zpN4c0P89l8ncRZBqCSYqGLVDPn7N3vNnWeCmjw6KmBaPc45V_sNAnGsbg12wg83bTlEBQriWiO0Y6_CXV-TUhLSqUUmvsogk0rcqrxY84qmw7YbGlltnOekopCxUhLiz7fZ4ceE_KxjuWmv0naCJh0Uu5SIbhAsdQIDQYfKLa7zDCBwhKrCEo1Hb-LOgBNP9jQSjskuekEtlHn7KAWNOeQMetc8AxQjODSGOE_hpAOjNEWuTWvb91IF3eWWlwbP2oUM8MCxlbw4ItV-NLbQNDf_HtxAHwIlLek5RYYdgBOzvdRRx2lu7KPb4OQ
DEBUG 2020-04-05 19:47:32,456 urllib3.connectionpool _make_request http://localhost:8080 "GET /vbas/gate/get/200/analog-input HTTP/1.1" 200 None
DEBUG 2020-04-05 19:47:32,462 BearerAuth __call__ Authorization=Bearer eyJ0eXAiOiJqd3QiLCJhbGciOiJSUzI1NiJ9.eyJzdWIiOiJzLmd1YmFyZXYiLCJpZCI6MzYsImlzcyI6ImF1dGgiLCJhdWQiOlsidmRlc2siLCJ2YmFzIiwicHVzaCIsImF1dGgiXSwiZ3JvdXBzIjpbInVzZXIiXSwiZXhwIjoxNTg2MTg0NDUyfQ.JwlIUrxDn2TUuHZkP6T186QfBe3zpN4c0P89l8ncRZBqCSYqGLVDPn7N3vNnWeCmjw6KmBaPc45V_sNAnGsbg12wg83bTlEBQriWiO0Y6_CXV-TUhLSqUUmvsogk0rcqrxY84qmw7YbGlltnOekopCxUhLiz7fZ4ceE_KxjuWmv0naCJh0Uu5SIbhAsdQIDQYfKLa7zDCBwhKrCEo1Hb-LOgBNP9jQSjskuekEtlHn7KAWNOeQMetc8AxQjODSGOE_hpAOjNEWuTWvb91IF3eWWlwbP2oUM8MCxlbw4ItV-NLbQNDf_HtxAHwIlLek5RYYdgBOzvdRRx2lu7KPb4OQ
DEBUG 2020-04-05 19:47:32,701 urllib3.connectionpool _make_request http://localhost:8080 "POST /vbas/gate/put/200 HTTP/1.1" 200 26
DEBUG 2020-04-05 19:47:32,702 BearerAuth __call__ Authorization=Bearer eyJ0eXAiOiJqd3QiLCJhbGciOiJSUzI1NiJ9.eyJzdWIiOiJzLmd1YmFyZXYiLCJpZCI6MzYsImlzcyI6ImF1dGgiLCJhdWQiOlsidmRlc2siLCJ2YmFzIiwicHVzaCIsImF1dGgiXSwiZ3JvdXBzIjpbInVzZXIiXSwiZXhwIjoxNTg2MTg0NDUyfQ.JwlIUrxDn2TUuHZkP6T186QfBe3zpN4c0P89l8ncRZBqCSYqGLVDPn7N3vNnWeCmjw6KmBaPc45V_sNAnGsbg12wg83bTlEBQriWiO0Y6_CXV-TUhLSqUUmvsogk0rcqrxY84qmw7YbGlltnOekopCxUhLiz7fZ4ceE_KxjuWmv0naCJh0Uu5SIbhAsdQIDQYfKLa7zDCBwhKrCEo1Hb-LOgBNP9jQSjskuekEtlHn7KAWNOeQMetc8AxQjODSGOE_hpAOjNEWuTWvb91IF3eWWlwbP2oUM8MCxlbw4ItV-NLbQNDf_HtxAHwIlLek5RYYdgBOzvdRRx2lu7KPb4OQ
DEBUG 2020-04-05 19:47:32,711 urllib3.connectionpool _make_request http://localhost:8080 "GET /auth/secure/logout HTTP/1.1" 200 16
DEBUG 2020-04-05 19:47:52,177 visiobas_client rq_login login: s.gubarev, password: ...
DEBUG 2020-04-05 19:47:52,180 urllib3.connectionpool _new_conn Starting new HTTP connection (1): localhost:8080
DEBUG 2020-04-05 19:47:54,198 urllib3.connectionpool _make_request http://localhost:8080 "POST /auth/rest/login HTTP/1.1" 200 579
DEBUG 2020-04-05 19:47:54,199 BearerAuth __call__ Authorization=Bearer eyJ0eXAiOiJqd3QiLCJhbGciOiJSUzI1NiJ9.eyJzdWIiOiJzLmd1YmFyZXYiLCJpZCI6MzYsImlzcyI6ImF1dGgiLCJhdWQiOlsidmRlc2siLCJ2YmFzIiwicHVzaCIsImF1dGgiXSwiZ3JvdXBzIjpbInVzZXIiXSwiZXhwIjoxNTg2MTg0NDc0fQ.O0jEX5yxHKQLSMd8yK6Lwb2jC2R0Z11V1Y9W6_wS5pZi2ToKltmH43rNKdhipvaY3Sj8XLYzUq0rnDwY3bANCC-epiTmhb2ccUX5feEFguShcQBa-fvficpCe0ZvDsP0IgrbVUEYXczRD5M2f0mSR9nB6cAaxY-2bmXCOp6_YFREuOIg8WnaoJVdXUgKbqLJElvYfU2oqfNHn_7oV3Do4H94Qq4O_VTUbNtCSz4EAEehSEN2WfjOAbJT0gNMjeAbvr2Ecmp4pxWieUEICsQ4XNrxH_R3ZDJjjT_-wgPWvKzbZZeZflChsEmFsCjP1JfdHjYCBhSygp9xjCrync3nPQ
DEBUG 2020-04-05 19:47:54,284 urllib3.connectionpool _make_request http://localhost:8080 "GET /vbas/gate/get/200/analog-input HTTP/1.1" 200 None
DEBUG 2020-04-05 19:47:54,289 BearerAuth __call__ Authorization=Bearer eyJ0eXAiOiJqd3QiLCJhbGciOiJSUzI1NiJ9.eyJzdWIiOiJzLmd1YmFyZXYiLCJpZCI6MzYsImlzcyI6ImF1dGgiLCJhdWQiOlsidmRlc2siLCJ2YmFzIiwicHVzaCIsImF1dGgiXSwiZ3JvdXBzIjpbInVzZXIiXSwiZXhwIjoxNTg2MTg0NDc0fQ.O0jEX5yxHKQLSMd8yK6Lwb2jC2R0Z11V1Y9W6_wS5pZi2ToKltmH43rNKdhipvaY3Sj8XLYzUq0rnDwY3bANCC-epiTmhb2ccUX5feEFguShcQBa-fvficpCe0ZvDsP0IgrbVUEYXczRD5M2f0mSR9nB6cAaxY-2bmXCOp6_YFREuOIg8WnaoJVdXUgKbqLJElvYfU2oqfNHn_7oV3Do4H94Qq4O_VTUbNtCSz4EAEehSEN2WfjOAbJT0gNMjeAbvr2Ecmp4pxWieUEICsQ4XNrxH_R3ZDJjjT_-wgPWvKzbZZeZflChsEmFsCjP1JfdHjYCBhSygp9xjCrync3nPQ
DEBUG 2020-04-05 19:47:54,769 urllib3.connectionpool _make_request http://localhost:8080 "POST /vbas/gate/put/200 HTTP/1.1" 200 26
DEBUG 2020-04-05 19:47:54,769 BearerAuth __call__ Authorization=Bearer eyJ0eXAiOiJqd3QiLCJhbGciOiJSUzI1NiJ9.eyJzdWIiOiJzLmd1YmFyZXYiLCJpZCI6MzYsImlzcyI6ImF1dGgiLCJhdWQiOlsidmRlc2siLCJ2YmFzIiwicHVzaCIsImF1dGgiXSwiZ3JvdXBzIjpbInVzZXIiXSwiZXhwIjoxNTg2MTg0NDc0fQ.O0jEX5yxHKQLSMd8yK6Lwb2jC2R0Z11V1Y9W6_wS5pZi2ToKltmH43rNKdhipvaY3Sj8XLYzUq0rnDwY3bANCC-epiTmhb2ccUX5feEFguShcQBa-fvficpCe0ZvDsP0IgrbVUEYXczRD5M2f0mSR9nB6cAaxY-2bmXCOp6_YFREuOIg8WnaoJVdXUgKbqLJElvYfU2oqfNHn_7oV3Do4H94Qq4O_VTUbNtCSz4EAEehSEN2WfjOAbJT0gNMjeAbvr2Ecmp4pxWieUEICsQ4XNrxH_R3ZDJjjT_-wgPWvKzbZZeZflChsEmFsCjP1JfdHjYCBhSygp9xjCrync3nPQ
DEBUG 2020-04-05 19:47:54,776 urllib3.connectionpool _make_request http://localhost:8080 "GET /auth/secure/logout HTTP/1.1" 200 16
DEBUG 2020-04-05 19:48:02,536 visiobas_client rq_login login: s.gubarev, password: ...
DEBUG 2020-04-05 19:48:02,540 urllib3.connectionpool _new_conn Starting new HTTP connection (1): localhost:8080
DEBUG 2020-04-05 19:48:04,557 urllib3.connectionpool _make_request http://localhost:8080 "POST /auth/rest/login HTTP/1.1" 200 579
DEBUG 2020-04-05 19:48:04,558 BearerAuth __call__ Authorization=Bearer eyJ0eXAiOiJqd3QiLCJhbGciOiJSUzI1NiJ9.eyJzdWIiOiJzLmd1YmFyZXYiLCJpZCI6MzYsImlzcyI6ImF1dGgiLCJhdWQiOlsidmRlc2siLCJ2YmFzIiwicHVzaCIsImF1dGgiXSwiZ3JvdXBzIjpbInVzZXIiXSwiZXhwIjoxNTg2MTg0NDg0fQ.Mg5UlaT_eOJWvIU8KZ62iagZQ3npeHrpUXdUZQSt2gLnu5cW22vRyGJXUijavq0YDB8sf0GKDrtOoJk989SllDnSkFEoh2Wnm6hFTaeIYG8LkAW74xQFrU6R0jqoOY8ittfplk2wE-qGcti9VlD3b02Rs67-e9XQhVtwIvM50rgNoATl0zMUfPJt_0kSiFU3RVk370DCeQ9UQnXrFXPHAjlH4KPeSndvkMmARrpgDXg4mRf6rOUiUyp4fHefkD9NnCCWwkhbJMykdvXRT97kEOt3-1nx0_ydrOjF2A92daFpSVk0Bsq8XpOOQqfwkzOBhN_gvQ7aMElhfRsQ3reofQ
DEBUG 2020-04-05 19:48:04,660 urllib3.connectionpool _make_request http://localhost:8080 "GET /vbas/gate/get/200/analog-input HTTP/1.1" 200 None
DEBUG 2020-04-05 19:48:04,665 BearerAuth __call__ Authorization=Bearer eyJ0eXAiOiJqd3QiLCJhbGciOiJSUzI1NiJ9.eyJzdWIiOiJzLmd1YmFyZXYiLCJpZCI6MzYsImlzcyI6ImF1dGgiLCJhdWQiOlsidmRlc2siLCJ2YmFzIiwicHVzaCIsImF1dGgiXSwiZ3JvdXBzIjpbInVzZXIiXSwiZXhwIjoxNTg2MTg0NDg0fQ.Mg5UlaT_eOJWvIU8KZ62iagZQ3npeHrpUXdUZQSt2gLnu5cW22vRyGJXUijavq0YDB8sf0GKDrtOoJk989SllDnSkFEoh2Wnm6hFTaeIYG8LkAW74xQFrU6R0jqoOY8ittfplk2wE-qGcti9VlD3b02Rs67-e9XQhVtwIvM50rgNoATl0zMUfPJt_0kSiFU3RVk370DCeQ9UQnXrFXPHAjlH4KPeSndvkMmARrpgDXg4mRf6rOUiUyp4fHefkD9NnCCWwkhbJMykdvXRT97kEOt3-1nx0_ydrOjF2A92daFpSVk0Bsq8XpOOQqfwkzOBhN_gvQ7aMElhfRsQ3reofQ
DEBUG 2020-04-05 19:48:05,104 urllib3.connectionpool _make_request http://localhost:8080 "POST /vbas/gate/put/200 HTTP/1.1" 200 26
DEBUG 2020-04-05 19:48:05,105 BearerAuth __call__ Authorization=Bearer eyJ0eXAiOiJqd3QiLCJhbGciOiJSUzI1NiJ9.eyJzdWIiOiJzLmd1YmFyZXYiLCJpZCI6MzYsImlzcyI6ImF1dGgiLCJhdWQiOlsidmRlc2siLCJ2YmFzIiwicHVzaCIsImF1dGgiXSwiZ3JvdXBzIjpbInVzZXIiXSwiZXhwIjoxNTg2MTg0NDg0fQ.Mg5UlaT_eOJWvIU8KZ62iagZQ3npeHrpUXdUZQSt2gLnu5cW22vRyGJXUijavq0YDB8sf0GKDrtOoJk989SllDnSkFEoh2Wnm6hFTaeIYG8LkAW74xQFrU6R0jqoOY8ittfplk2wE-qGcti9VlD3b02Rs67-e9XQhVtwIvM50rgNoATl0zMUfPJt_0kSiFU3RVk370DCeQ9UQnXrFXPHAjlH4KPeSndvkMmARrpgDXg4mRf6rOUiUyp4fHefkD9NnCCWwkhbJMykdvXRT97kEOt3-1nx0_ydrOjF2A92daFpSVk0Bsq8XpOOQqfwkzOBhN_gvQ7aMElhfRsQ3reofQ
DEBUG 2020-04-05 19:48:05,112 urllib3.connectionpool _make_request http://localhost:8080 "GET /auth/secure/logout HTTP/1.1" 200 16
